Replace Part C1 C_IntVcc in D:\Users\26055743\OneDrive - ARÇELÝK A.Þ\Desktop\EE464_PCB\EE464-TermProject\PCB\EE464_PCB_Updated\Flyback\Flyback.SchDoc with C_IntVcc from Flyback_Schlib.SchLib
Replace Part C2 C_Vc in D:\Users\26055743\OneDrive - ARÇELÝK A.Þ\Desktop\EE464_PCB\EE464-TermProject\PCB\EE464_PCB_Updated\Flyback\Flyback.SchDoc with C_Vc from Flyback_Schlib.SchLib
Replace Part C3 C_Input in D:\Users\26055743\OneDrive - ARÇELÝK A.Þ\Desktop\EE464_PCB\EE464-TermProject\PCB\EE464_PCB_Updated\Flyback\Flyback.SchDoc with C_Input from Flyback_Schlib.SchLib
Replace Part C4 C_Input in D:\Users\26055743\OneDrive - ARÇELÝK A.Þ\Desktop\EE464_PCB\EE464-TermProject\PCB\EE464_PCB_Updated\Flyback\Flyback.SchDoc with C_Input from Flyback_Schlib.SchLib
Replace Part C5 C_Bias in D:\Users\26055743\OneDrive - ARÇELÝK A.Þ\Desktop\EE464_PCB\EE464-TermProject\PCB\EE464_PCB_Updated\Flyback\Flyback.SchDoc with C_Bias from Flyback_Schlib.SchLib
Replace Part C6 C_DCM in D:\Users\26055743\OneDrive - ARÇELÝK A.Þ\Desktop\EE464_PCB\EE464-TermProject\PCB\EE464_PCB_Updated\Flyback\Flyback.SchDoc with C_DCM from Flyback_Schlib.SchLib
Replace Part C7 C_OUT_470u in D:\Users\26055743\OneDrive - ARÇELÝK A.Þ\Desktop\EE464_PCB\EE464-TermProject\PCB\EE464_PCB_Updated\Flyback\Flyback.SchDoc with C_OUT_470u from Flyback_Schlib.SchLib
Replace Part C8 C_OUT_470u in D:\Users\26055743\OneDrive - ARÇELÝK A.Þ\Desktop\EE464_PCB\EE464-TermProject\PCB\EE464_PCB_Updated\Flyback\Flyback.SchDoc with C_OUT_470u from Flyback_Schlib.SchLib
Replace Part C9 C_OUT_10u in D:\Users\26055743\OneDrive - ARÇELÝK A.Þ\Desktop\EE464_PCB\EE464-TermProject\PCB\EE464_PCB_Updated\Flyback\Flyback.SchDoc with C_OUT_10u from Flyback_Schlib.SchLib
Replace Part C10 C_Snub_Pri in D:\Users\26055743\OneDrive - ARÇELÝK A.Þ\Desktop\EE464_PCB\EE464-TermProject\PCB\EE464_PCB_Updated\Flyback\Flyback.SchDoc with C_Snub_Pri from Flyback_Schlib.SchLib
Replace Part C11 C_Vcc2 in D:\Users\26055743\OneDrive - ARÇELÝK A.Þ\Desktop\EE464_PCB\EE464-TermProject\PCB\EE464_PCB_Updated\Flyback\Flyback.SchDoc with C_Vcc2 from Flyback_Schlib.SchLib
Replace Part C12 C_Snub_Sec in D:\Users\26055743\OneDrive - ARÇELÝK A.Þ\Desktop\EE464_PCB\EE464-TermProject\PCB\EE464_PCB_Updated\Flyback\Flyback.SchDoc with C_Snub_Sec from Flyback_Schlib.SchLib
Replace Part C13 C_IntVcc2 in D:\Users\26055743\OneDrive - ARÇELÝK A.Þ\Desktop\EE464_PCB\EE464-TermProject\PCB\EE464_PCB_Updated\Flyback\Flyback.SchDoc with C_IntVcc2 from Flyback_Schlib.SchLib
Replace Part C14 C_Ground in D:\Users\26055743\OneDrive - ARÇELÝK A.Þ\Desktop\EE464_PCB\EE464-TermProject\PCB\EE464_PCB_Updated\Flyback\Flyback.SchDoc with C_Ground from Flyback_Schlib.SchLib
Replace Part C15 C_Input in D:\Users\26055743\OneDrive - ARÇELÝK A.Þ\Desktop\EE464_PCB\EE464-TermProject\PCB\EE464_PCB_Updated\Flyback\Flyback.SchDoc with C_Input from Flyback_Schlib.SchLib
Replace Part D1 D_P4SMA440CA in D:\Users\26055743\OneDrive - ARÇELÝK A.Þ\Desktop\EE464_PCB\EE464-TermProject\PCB\EE464_PCB_Updated\Flyback\Flyback.SchDoc with D_P4SMA440CA from Flyback_Schlib.SchLib
Replace Part D2 D_RB058LAM150TR in D:\Users\26055743\OneDrive - ARÇELÝK A.Þ\Desktop\EE464_PCB\EE464-TermProject\PCB\EE464_PCB_Updated\Flyback\Flyback.SchDoc with D_RB058LAM150TR from Flyback_Schlib.SchLib
Replace Part D3 D_3SMAJ5949B-TP in D:\Users\26055743\OneDrive - ARÇELÝK A.Þ\Desktop\EE464_PCB\EE464-TermProject\PCB\EE464_PCB_Updated\Flyback\Flyback.SchDoc with D_3SMAJ5949B-TP from Flyback_Schlib.SchLib
Replace Part D4 D_3SMAJ5949B-TP in D:\Users\26055743\OneDrive - ARÇELÝK A.Þ\Desktop\EE464_PCB\EE464-TermProject\PCB\EE464_PCB_Updated\Flyback\Flyback.SchDoc with D_3SMAJ5949B-TP from Flyback_Schlib.SchLib
Replace Part D5 D_3SMAJ5949B-TP in D:\Users\26055743\OneDrive - ARÇELÝK A.Þ\Desktop\EE464_PCB\EE464-TermProject\PCB\EE464_PCB_Updated\Flyback\Flyback.SchDoc with D_3SMAJ5949B-TP from Flyback_Schlib.SchLib
Replace Part D6 D_RFN1L7SDDTE25 in D:\Users\26055743\OneDrive - ARÇELÝK A.Þ\Desktop\EE464_PCB\EE464-TermProject\PCB\EE464_PCB_Updated\Flyback\Flyback.SchDoc with D_RFN1L7SDDTE25 from Flyback_Schlib.SchLib
Replace Part E1 Connector in D:\Users\26055743\OneDrive - ARÇELÝK A.Þ\Desktop\EE464_PCB\EE464-TermProject\PCB\EE464_PCB_Updated\Flyback\Flyback.SchDoc with Connector from Flyback_Schlib.SchLib
Replace Part E2 Connector in D:\Users\26055743\OneDrive - ARÇELÝK A.Þ\Desktop\EE464_PCB\EE464-TermProject\PCB\EE464_PCB_Updated\Flyback\Flyback.SchDoc with Connector from Flyback_Schlib.SchLib
Replace Part E3 Connector in D:\Users\26055743\OneDrive - ARÇELÝK A.Þ\Desktop\EE464_PCB\EE464-TermProject\PCB\EE464_PCB_Updated\Flyback\Flyback.SchDoc with Connector from Flyback_Schlib.SchLib
Replace Part E4 Connector in D:\Users\26055743\OneDrive - ARÇELÝK A.Þ\Desktop\EE464_PCB\EE464-TermProject\PCB\EE464_PCB_Updated\Flyback\Flyback.SchDoc with Connector from Flyback_Schlib.SchLib
Replace Part F1 Fuse_0751.0110 in D:\Users\26055743\OneDrive - ARÇELÝK A.Þ\Desktop\EE464_PCB\EE464-TermProject\PCB\EE464_PCB_Updated\Flyback\Flyback.SchDoc with Fuse_0751.0110 from Flyback_Schlib.SchLib
Replace Part Q1 Q_IPA70R600P7SXKSA1 in D:\Users\26055743\OneDrive - ARÇELÝK A.Þ\Desktop\EE464_PCB\EE464-TermProject\PCB\EE464_PCB_Updated\Flyback\Flyback.SchDoc with Q_IPA70R600P7SXKSA1 from Flyback_Schlib.SchLib
Replace Part Q2 Q_BSC040N10NS5ATMA1 in D:\Users\26055743\OneDrive - ARÇELÝK A.Þ\Desktop\EE464_PCB\EE464-TermProject\PCB\EE464_PCB_Updated\Flyback\Flyback.SchDoc with Q_BSC040N10NS5ATMA1 from Flyback_Schlib.SchLib
Replace Part R1 R_CVc in D:\Users\26055743\OneDrive - ARÇELÝK A.Þ\Desktop\EE464_PCB\EE464-TermProject\PCB\EE464_PCB_Updated\Flyback\Flyback.SchDoc with R_CVc from Flyback_Schlib.SchLib
Replace Part R2 R_IREG//SS in D:\Users\26055743\OneDrive - ARÇELÝK A.Þ\Desktop\EE464_PCB\EE464-TermProject\PCB\EE464_PCB_Updated\Flyback\Flyback.SchDoc with R_IREG//SS from Flyback_Schlib.SchLib
Replace Part R3 R_FB1 in D:\Users\26055743\OneDrive - ARÇELÝK A.Þ\Desktop\EE464_PCB\EE464-TermProject\PCB\EE464_PCB_Updated\Flyback\Flyback.SchDoc with R_FB1 from Flyback_Schlib.SchLib
Replace Part R4 R_DCM in D:\Users\26055743\OneDrive - ARÇELÝK A.Þ\Desktop\EE464_PCB\EE464-TermProject\PCB\EE464_PCB_Updated\Flyback\Flyback.SchDoc with R_DCM from Flyback_Schlib.SchLib
Replace Part R5 R_Tc in D:\Users\26055743\OneDrive - ARÇELÝK A.Þ\Desktop\EE464_PCB\EE464-TermProject\PCB\EE464_PCB_Updated\Flyback\Flyback.SchDoc with R_Tc from Flyback_Schlib.SchLib
Replace Part R6 R_FB2 in D:\Users\26055743\OneDrive - ARÇELÝK A.Þ\Desktop\EE464_PCB\EE464-TermProject\PCB\EE464_PCB_Updated\Flyback\Flyback.SchDoc with R_FB2 from Flyback_Schlib.SchLib
Replace Part R7 R_Gate2 in D:\Users\26055743\OneDrive - ARÇELÝK A.Þ\Desktop\EE464_PCB\EE464-TermProject\PCB\EE464_PCB_Updated\Flyback\Flyback.SchDoc with R_Gate2 from Flyback_Schlib.SchLib
Replace Part R8 R_Drain2 in D:\Users\26055743\OneDrive - ARÇELÝK A.Þ\Desktop\EE464_PCB\EE464-TermProject\PCB\EE464_PCB_Updated\Flyback\Flyback.SchDoc with R_Drain2 from Flyback_Schlib.SchLib
Replace Part R9 R_Snubber_Pri in D:\Users\26055743\OneDrive - ARÇELÝK A.Þ\Desktop\EE464_PCB\EE464-TermProject\PCB\EE464_PCB_Updated\Flyback\Flyback.SchDoc with R_Snubber_Pri from Flyback_Schlib.SchLib
Replace Part R10 R_Snubber_Sec in D:\Users\26055743\OneDrive - ARÇELÝK A.Þ\Desktop\EE464_PCB\EE464-TermProject\PCB\EE464_PCB_Updated\Flyback\Flyback.SchDoc with R_Snubber_Sec from Flyback_Schlib.SchLib
Replace Part R11 R_Sense in D:\Users\26055743\OneDrive - ARÇELÝK A.Þ\Desktop\EE464_PCB\EE464-TermProject\PCB\EE464_PCB_Updated\Flyback\Flyback.SchDoc with R_Sense from Flyback_Schlib.SchLib
Replace Part T1 Transformer_CoilFormer in D:\Users\26055743\OneDrive - ARÇELÝK A.Þ\Desktop\EE464_PCB\EE464-TermProject\PCB\EE464_PCB_Updated\Flyback\Flyback.SchDoc with Transformer_CoilFormer from Flyback_Schlib.SchLib
Replace Part U1 U_LT8316EFE#PBF in D:\Users\26055743\OneDrive - ARÇELÝK A.Þ\Desktop\EE464_PCB\EE464-TermProject\PCB\EE464_PCB_Updated\Flyback\Flyback.SchDoc with U_LT8316EFE#PBF from Flyback_Schlib.SchLib
Replace Part U2 U_LT8309ES5#TRMPBF in D:\Users\26055743\OneDrive - ARÇELÝK A.Þ\Desktop\EE464_PCB\EE464-TermProject\PCB\EE464_PCB_Updated\Flyback\Flyback.SchDoc with U_LT8309ES5#TRMPBF from Flyback_Schlib.SchLib
